[2025-10-12 08:40:35] QUERY EXECUTED: API Request Method: GET | Params: No parameters
[2025-10-12 08:40:35] QUERY EXECUTED: Reading products from JSON file: C:\xampp\htdocs\wachat\data\products.json | Params: No parameters
[2025-10-12 08:40:35] QUERY EXECUTED: Returning 5 products | Params: No parameters
[2025-10-12 08:40:35] QUERY EXECUTED: API Request Method: GET | Params: No parameters
[2025-10-12 08:40:35] QUERY EXECUTED: Reading products from JSON file: C:\xampp\htdocs\wachat\data\products.json | Params: No parameters
[2025-10-12 08:40:35] QUERY EXECUTED: Returning 5 products | Params: No parameters
[2025-10-12 15:27:53] QUERY EXECUTED: API Request Method: GET | Params: No parameters
[2025-10-12 15:27:53] QUERY EXECUTED: Reading products from JSON file: C:\xampp\htdocs\wachat\data\products.json | Params: No parameters
[2025-10-12 15:27:53] QUERY EXECUTED: Returning 5 products | Params: No parameters
[2025-10-12 15:27:54] QUERY EXECUTED: API Request Method: GET | Params: No parameters
[2025-10-12 15:27:54] QUERY EXECUTED: Reading products from JSON file: C:\xampp\htdocs\wachat\data\products.json | Params: No parameters
[2025-10-12 15:27:54] QUERY EXECUTED: Returning 5 products | Params: No parameters
[2025-10-12 15:27:55] QUERY EXECUTED: API Request Method: GET | Params: No parameters
[2025-10-12 15:27:55] QUERY EXECUTED: Reading products from JSON file: C:\xampp\htdocs\wachat\data\products.json | Params: No parameters
[2025-10-12 15:27:55] QUERY EXECUTED: Returning 5 products | Params: No parameters
[2025-10-12 15:28:43] QUERY EXECUTED: API Request Method: GET | Params: No parameters
[2025-10-12 15:28:43] QUERY EXECUTED: Reading products from JSON file: C:\xampp\htdocs\wachat\data\products.json | Params: No parameters
[2025-10-12 15:28:43] QUERY EXECUTED: Returning 5 products | Params: No parameters
[2025-10-12 15:28:43] QUERY EXECUTED: API Request Method: GET | Params: No parameters
[2025-10-12 15:28:43] QUERY EXECUTED: Reading products from JSON file: C:\xampp\htdocs\wachat\data\products.json | Params: No parameters
[2025-10-12 15:28:43] QUERY EXECUTED: Returning 5 products | Params: No parameters
[2025-10-12 15:51:59] QUERY EXECUTED: API Request Method: GET | Params: No parameters
[2025-10-12 15:51:59] QUERY EXECUTED: Reading products from JSON file: C:\xampp\htdocs\wachat\data\products.json | Params: No parameters
[2025-10-12 15:51:59] QUERY EXECUTED: Returning 5 products | Params: No parameters
[2025-10-12 15:51:59] QUERY EXECUTED: API Request Method: GET | Params: No parameters
[2025-10-12 15:51:59] QUERY EXECUTED: Reading products from JSON file: C:\xampp\htdocs\wachat\data\products.json | Params: No parameters
[2025-10-12 15:51:59] QUERY EXECUTED: Returning 5 products | Params: No parameters
[2025-10-12 15:52:01] QUERY EXECUTED: API Request Method: GET | Params: No parameters
[2025-10-12 15:52:01] QUERY EXECUTED: Reading products from JSON file: C:\xampp\htdocs\wachat\data\products.json | Params: No parameters
[2025-10-12 15:52:01] QUERY EXECUTED: Returning 5 products | Params: No parameters
[2025-10-12 16:00:07] QUERY EXECUTED: API Request Method: GET | Params: No parameters
[2025-10-12 16:00:07] QUERY EXECUTED: Reading products from JSON file: C:\xampp\htdocs\wachat\data\products.json | Params: No parameters
[2025-10-12 16:00:07] QUERY EXECUTED: Returning 5 products | Params: No parameters
[2025-10-12 16:00:07] QUERY EXECUTED: API Request Method: GET | Params: No parameters
[2025-10-12 16:00:07] QUERY EXECUTED: Reading products from JSON file: C:\xampp\htdocs\wachat\data\products.json | Params: No parameters
[2025-10-12 16:00:07] QUERY EXECUTED: Returning 5 products | Params: No parameters
[2025-10-12 16:00:15] QUERY EXECUTED: API Request Method: GET | Params: No parameters
[2025-10-12 16:00:15] QUERY EXECUTED: Reading products from JSON file: C:\xampp\htdocs\wachat\data\products.json | Params: No parameters
[2025-10-12 16:00:15] QUERY EXECUTED: Returning 5 products | Params: No parameters
[2025-10-12 16:19:46] QUERY EXECUTED: API Request Method: GET | Params: No parameters
[2025-10-12 16:19:46] QUERY EXECUTED: Reading products from JSON file: C:\xampp\htdocs\wachat\data\products.json | Params: No parameters
[2025-10-12 16:19:46] QUERY EXECUTED: Returning 5 products | Params: No parameters
[2025-10-12 16:19:51] QUERY EXECUTED: API Request Method: GET | Params: No parameters
[2025-10-12 16:19:51] QUERY EXECUTED: Reading products from JSON file: C:\xampp\htdocs\wachat\data\products.json | Params: No parameters
[2025-10-12 16:19:51] QUERY EXECUTED: Returning 5 products | Params: No parameters
[2025-10-12 16:19:53] QUERY EXECUTED: API Request Method: GET | Params: No parameters
[2025-10-12 16:19:53] QUERY EXECUTED: Reading products from JSON file: C:\xampp\htdocs\wachat\data\products.json | Params: No parameters
[2025-10-12 16:19:53] QUERY EXECUTED: Returning 5 products | Params: No parameters
[2025-10-12 16:21:49] QUERY EXECUTED: API Request Method: GET | Params: No parameters
[2025-10-12 16:21:49] QUERY EXECUTED: Reading products from JSON file: C:\xampp\htdocs\wachat\data\products.json | Params: No parameters
[2025-10-12 16:21:49] QUERY EXECUTED: Returning 5 products | Params: No parameters
[2025-10-12 16:21:49] QUERY EXECUTED: API Request Method: GET | Params: No parameters
[2025-10-12 16:21:49] QUERY EXECUTED: Reading products from JSON file: C:\xampp\htdocs\wachat\data\products.json | Params: No parameters
[2025-10-12 16:21:49] QUERY EXECUTED: Returning 5 products | Params: No parameters
[2025-10-12 16:23:50] QUERY EXECUTED: API Request Method: GET | Params: No parameters
[2025-10-12 16:23:50] QUERY EXECUTED: Reading products from JSON file: C:\xampp\htdocs\wachat\data\products.json | Params: No parameters
[2025-10-12 16:23:50] QUERY EXECUTED: Returning 5 products | Params: No parameters
[2025-10-12 16:23:50] QUERY EXECUTED: API Request Method: GET | Params: No parameters
[2025-10-12 16:23:50] QUERY EXECUTED: Reading products from JSON file: C:\xampp\htdocs\wachat\data\products.json | Params: No parameters
[2025-10-12 16:23:50] QUERY EXECUTED: Returning 5 products | Params: No parameters
[2025-10-12 16:29:26] QUERY EXECUTED: API Request Method: GET | Params: No parameters
[2025-10-12 16:29:26] QUERY EXECUTED: Reading products from JSON file: C:\xampp\htdocs\wachat\data\products.json | Params: No parameters
[2025-10-12 16:29:26] QUERY EXECUTED: Returning 5 products | Params: No parameters
[2025-10-12 16:29:27] QUERY EXECUTED: API Request Method: GET | Params: No parameters
[2025-10-12 16:29:27] QUERY EXECUTED: Reading products from JSON file: C:\xampp\htdocs\wachat\data\products.json | Params: No parameters
[2025-10-12 16:29:27] QUERY EXECUTED: Returning 5 products | Params: No parameters
[2025-10-12 16:40:21] QUERY EXECUTED: API Request Method: GET | Params: No parameters
[2025-10-12 16:40:21] QUERY EXECUTED: Reading products from JSON file: C:\xampp\htdocs\wachat\data\products.json | Params: No parameters
[2025-10-12 16:40:21] QUERY EXECUTED: Returning 5 products | Params: No parameters
[2025-10-12 16:40:21] QUERY EXECUTED: API Request Method: GET | Params: No parameters
[2025-10-12 16:40:21] QUERY EXECUTED: Reading products from JSON file: C:\xampp\htdocs\wachat\data\products.json | Params: No parameters
[2025-10-12 16:40:21] QUERY EXECUTED: Returning 5 products | Params: No parameters
[2025-10-12 17:10:10] QUERY EXECUTED: API Request Method: GET | Params: No parameters
[2025-10-12 17:10:10] QUERY EXECUTED: Reading products from JSON file: C:\xampp\htdocs\wachat\data\products.json | Params: No parameters
[2025-10-12 17:10:10] QUERY EXECUTED: Returning 5 products | Params: No parameters
[2025-10-12 17:10:14] QUERY EXECUTED: API Request Method: GET | Params: No parameters
[2025-10-12 17:10:14] QUERY EXECUTED: Reading products from JSON file: C:\xampp\htdocs\wachat\data\products.json | Params: No parameters
[2025-10-12 17:10:14] QUERY EXECUTED: Returning 5 products | Params: No parameters
[2025-10-12 17:10:14] QUERY EXECUTED: API Request Method: GET | Params: No parameters
[2025-10-12 17:10:14] QUERY EXECUTED: Reading products from JSON file: C:\xampp\htdocs\wachat\data\products.json | Params: No parameters
[2025-10-12 17:10:14] QUERY EXECUTED: Returning 5 products | Params: No parameters
[2025-10-12 17:17:41] QUERY EXECUTED: API Request Method: GET | Params: No parameters
[2025-10-12 17:17:41] QUERY EXECUTED: Reading products from JSON file: C:\xampp\htdocs\wachat\data\products.json | Params: No parameters
[2025-10-12 17:17:41] QUERY EXECUTED: Returning 5 products | Params: No parameters
[2025-10-12 17:17:41] QUERY EXECUTED: API Request Method: GET | Params: No parameters
[2025-10-12 17:17:41] QUERY EXECUTED: Reading products from JSON file: C:\xampp\htdocs\wachat\data\products.json | Params: No parameters
[2025-10-12 17:17:41] QUERY EXECUTED: Returning 5 products | Params: No parameters
[2025-10-12 17:22:33] QUERY EXECUTED: Loading product detail | Params: {"id":"6"}
[2025-10-12 17:23:56] QUERY EXECUTED: Loading product detail | Params: {"id":"6"}
[2025-10-12 17:25:09] QUERY EXECUTED: Loading product detail | Params: {"id":"6"}
[2025-10-12 17:25:25] QUERY EXECUTED: Loading product detail | Params: {"id":"6"}
[2025-10-12 17:28:30] QUERY EXECUTED: Loading product detail | Params: {"id":"6"}
[2025-10-12 17:32:39] QUERY EXECUTED: Loading product detail | Params: {"id":"6"}
[2025-10-12 17:41:19] QUERY EXECUTED: Loading product detail | Params: {"id":"6"}
[2025-10-12 17:41:19] QUERY EXECUTED: Product lookup result | Params: {"requested_id":"6","requested_id_type":"string","product_found":"no"}
[2025-10-12 18:16:52] QUERY EXECUTED: Loading product detail | Params: {"id":"6"}
[2025-10-12 18:16:52] QUERY EXECUTED: Product lookup result | Params: {"requested_id":"6","requested_id_type":"string","product_found":"no"}
[2025-10-12 18:16:58] QUERY EXECUTED: Loading product detail | Params: {"id":"5"}
[2025-10-12 18:16:58] QUERY EXECUTED: Product lookup result | Params: {"requested_id":"5","requested_id_type":"string","product_found":"no"}
[2025-10-12 18:21:00] QUERY EXECUTED: API Request Method: GET | Params: No parameters
[2025-10-12 18:21:00] QUERY EXECUTED: Reading products from JSON file: C:\xampp\htdocs\wachat\data\products.json | Params: No parameters
[2025-10-12 18:21:00] QUERY EXECUTED: Returning 5 products | Params: No parameters
[2025-10-12 18:21:03] QUERY EXECUTED: API Request Method: GET | Params: No parameters
[2025-10-12 18:21:03] QUERY EXECUTED: Reading products from JSON file: C:\xampp\htdocs\wachat\data\products.json | Params: No parameters
[2025-10-12 18:21:03] QUERY EXECUTED: Returning 5 products | Params: No parameters
[2025-10-12 18:21:11] QUERY EXECUTED: Loading product detail | Params: {"id":"6"}
[2025-10-12 18:21:11] QUERY EXECUTED: Product lookup result | Params: {"requested_id":"6","requested_id_type":"string","product_found":"no"}
[2025-10-12 18:21:15] QUERY EXECUTED: Loading product detail | Params: {"id":"4"}
[2025-10-12 18:21:15] QUERY EXECUTED: Product lookup result | Params: {"requested_id":"4","requested_id_type":"string","product_found":"no"}
[2025-10-12 18:37:52] QUERY EXECUTED: Loading product detail | Params: {"id":"6"}
[2025-10-12 18:37:52] QUERY EXECUTED: Product lookup result | Params: {"requested_id":"6","requested_id_type":"string","product_found":"no"}
[2025-10-12 18:37:56] QUERY EXECUTED: API Request Method: GET | Params: No parameters
[2025-10-12 18:37:56] QUERY EXECUTED: Reading products from JSON file: C:\xampp\htdocs\wachat\data\products.json | Params: No parameters
[2025-10-12 18:37:56] QUERY EXECUTED: Returning 5 products | Params: No parameters
[2025-10-12 18:38:01] QUERY EXECUTED: API Request Method: GET | Params: No parameters
[2025-10-12 18:38:01] QUERY EXECUTED: Reading products from JSON file: C:\xampp\htdocs\wachat\data\products.json | Params: No parameters
[2025-10-12 18:38:01] QUERY EXECUTED: Returning 5 products | Params: No parameters
[2025-10-13 13:25:49] QUERY EXECUTED: API Request Method: GET | Params: No parameters
[2025-10-13 13:25:49] QUERY EXECUTED: Reading products from JSON file: C:\xampp\htdocs\wachat\data\products.json | Params: No parameters
[2025-10-13 13:25:49] QUERY EXECUTED: Returning 5 products | Params: No parameters
[2025-10-13 13:25:50] QUERY EXECUTED: API Request Method: GET | Params: No parameters
[2025-10-13 13:25:50] QUERY EXECUTED: Reading products from JSON file: C:\xampp\htdocs\wachat\data\products.json | Params: No parameters
[2025-10-13 13:25:50] QUERY EXECUTED: Returning 5 products | Params: No parameters
[2025-10-13 13:25:54] QUERY EXECUTED: Loading product detail | Params: {"id":"6"}
[2025-10-13 13:25:55] QUERY EXECUTED: Product lookup result | Params: {"requested_id":"6","requested_id_type":"string","product_found":"no"}
[2025-10-13 13:30:43] QUERY EXECUTED: API Request Method: GET | Params: No parameters
[2025-10-13 13:30:43] QUERY EXECUTED: Reading products from JSON file: C:\xampp\htdocs\wachat\data\products.json | Params: No parameters
[2025-10-13 13:30:43] QUERY EXECUTED: Returning 5 products | Params: No parameters
[2025-10-13 13:30:48] QUERY EXECUTED: API Request Method: GET | Params: No parameters
[2025-10-13 13:30:48] QUERY EXECUTED: Reading products from JSON file: C:\xampp\htdocs\wachat\data\products.json | Params: No parameters
[2025-10-13 13:30:48] QUERY EXECUTED: Returning 5 products | Params: No parameters
